#options: 640x400 fps=24/1 timebase=1/24 bitdepth=8 cabac=0 ref=1 deblock=0:0:0 analyse=0:0 me=dia subme=0 psy=1 psy_rd=1.00:0.00 mixed_ref=0 me_range=16 chroma_me=1 trellis=0 8x8dct=0 cqm=0 deadzone=21,11 fast_pskip=1 chroma_qp_offset=0 threads=2 sliced_threads=1 slices=2 nr=0 decimate=1 interlaced=0 bluray_compat=0 constrained_intra=0 bframes=0 weightp=0 keyint=250 keyint_min=24 scenecut=0 intra_refresh=0 rc_lookahead=0 rc=cbr mbtree=0 bitrate=100 ratetol=1.0 qcomp=0.60 qpmin=0 qpmax=69 qpstep=4 vbv_maxrate=100 vbv_bufsize=4000 nal_hrd=none ip_ratio=1.25 aq=0
in:0 out:0 type:I dur:2 cpbdur:2 q:35.31 tex:3409 mv:4164 misc:5747 imb:1000 pmb:0 smb:0 d:- ref:;
in:1 out:1 type:P dur:2 cpbdur:2 q:41.25 tex:149 mv:216 misc:347 imb:24 pmb:4 smb:972 d:- ref:0 ;
in:2 out:2 type:P dur:2 cpbdur:2 q:42.52 tex:3312 mv:6530 misc:1134 imb:855 pmb:16 smb:129 d:- ref:0 ;
in:3 out:3 type:P dur:2 cpbdur:2 q:46.52 tex:4281 mv:5003 misc:1068 imb:622 pmb:63 smb:315 d:- ref:0 ;
in:4 out:4 type:P dur:2 cpbdur:2 q:50.18 tex:1548 mv:1697 misc:755 imb:176 pmb:75 smb:749 d:- ref:0 ;
in:5 out:5 type:P dur:2 cpbdur:2 q:51.14 tex:6747 mv:5567 misc:1134 imb:690 pmb:107 smb:203 d:- ref:0 ;
in:6 out:6 type:P dur:2 cpbdur:2 q:53.53 tex:2013 mv:865 misc:610 imb:50 pmb:85 smb:865 d:- ref:0 ;
in:7 out:7 type:P dur:2 cpbdur:2 q:53.46 tex:6668 mv:4038 misc:1006 imb:466 pmb:118 smb:416 d:- ref:0 ;
in:8 out:8 type:P dur:2 cpbdur:2 q:53.92 tex:1353 mv:604 misc:611 imb:43 pmb:56 smb:901 d:- ref:0 ;
in:9 out:9 type:P dur:2 cpbdur:2 q:53.68 tex:3185 mv:1114 misc:741 imb:73 pmb:106 smb:821 d:- ref:0 ;
in:10 out:10 type:P dur:2 cpbdur:2 q:53.25 tex:2319 mv:644 misc:621 imb:37 pmb:82 smb:881 d:- ref:0 ;
in:11 out:11 type:P dur:2 cpbdur:2 q:51.74 tex:590 mv:183 misc:451 imb:8 pmb:29 smb:963 d:- ref:0 ;
in:12 out:12 type:P dur:2 cpbdur:2 q:49.52 tex:6627 mv:2450 misc:979 imb:233 pmb:178 smb:589 d:- ref:0 ;
in:13 out:13 type:P dur:2 cpbdur:2 q:48.20 tex:6471 mv:1801 misc:880 imb:165 pmb:143 smb:692 d:- ref:0 ;
in:14 out:14 type:P dur:2 cpbdur:2 q:46.92 tex:3778 mv:1221 misc:833 imb:98 pmb:149 smb:753 d:- ref:0 ;
in:15 out:15 type:P dur:2 cpbdur:2 q:45.50 tex:5322 mv:1164 misc:754 imb:68 pmb:146 smb:786 d:- ref:0 ;
in:16 out:16 type:P dur:2 cpbdur:2 q:44.62 tex:5017 mv:1854 misc:929 imb:203 pmb:150 smb:647 d:- ref:0 ;
in:17 out:17 type:P dur:2 cpbdur:2 q:44.19 tex:5085 mv:690 misc:761 imb:11 pmb:180 smb:809 d:- ref:0 ;
in:18 out:18 type:P dur:2 cpbdur:2 q:43.93 tex:10 mv:14 misc:208 imb:0 pmb:2 smb:998 d:- ref:0 ;
in:19 out:19 type:P dur:2 cpbdur:2 q:43.22 tex:7762 mv:869 misc:857 imb:17 pmb:215 smb:768 d:- ref:0 ;
in:20 out:20 type:P dur:2 cpbdur:2 q:43.58 tex:0 mv:0 misc:192 imb:0 pmb:0 smb:1000 d:- ref:0 ;
in:21 out:21 type:P dur:2 cpbdur:2 q:43.12 tex:49 mv:11 misc:220 imb:1 pmb:1 smb:998 d:- ref:0 ;
in:22 out:22 type:P dur:2 cpbdur:2 q:42.55 tex:1582 mv:96 misc:250 imb:2 pmb:22 smb:976 d:- ref:0 ;
in:23 out:23 type:P dur:2 cpbdur:2 q:42.49 tex:4717 mv:742 misc:765 imb:38 pmb:132 smb:830 d:- ref:0 ;
in:24 out:24 type:P dur:2 cpbdur:2 q:42.65 tex:0 mv:0 misc:192 imb:0 pmb:0 smb:1000 d:- ref:0 ;
in:25 out:25 type:P dur:2 cpbdur:2 q:42.32 tex:0 mv:0 misc:192 imb:0 pmb:0 smb:1000 d:- ref:0 ;
in:26 out:26 type:P dur:2 cpbdur:2 q:42.01 tex:0 mv:0 misc:192 imb:0 pmb:0 smb:1000 d:- ref:0 ;
in:27 out:27 type:P dur:2 cpbdur:2 q:41.54 tex:253 mv:30 misc:229 imb:0 pmb:10 smb:990 d:- ref:0 ;
in:28 out:28 type:P dur:2 cpbdur:2 q:41.43 tex:7939 mv:848 misc:853 imb:13 pmb:232 smb:755 d:- ref:0 ;
in:29 out:29 type:P dur:2 cpbdur:2 q:41.81 tex:0 mv:0 misc:192 imb:0 pmb:0 smb:1000 d:- ref:0 ;
in:30 out:30 type:P dur:2 cpbdur:2 q:41.53 tex:0 mv:0 misc:192 imb:0 pmb:0 smb:1000 d:- ref:0 ;
in:31 out:31 type:P dur:2 cpbdur:2 q:41.11 tex:966 mv:110 misc:284 imb:4 pmb:20 smb:976 d:- ref:0 ;
in:32 out:32 type:P dur:2 cpbdur:2 q:41.09 tex:119 mv:34 misc:223 imb:3 pmb:0 smb:997 d:- ref:0 ;
in:33 out:33 type:P dur:2 cpbdur:2 q:40.85 tex:119 mv:34 misc:223 imb:3 pmb:0 smb:997 d:- ref:0 ;
in:34 out:34 type:P dur:2 cpbdur:2 q:40.62 tex:119 mv:34 misc:223 imb:3 pmb:0 smb:997 d:- ref:0 ;
in:35 out:35  dur:2 cpbdur:2 q:39.63 tex:66 mv:10 misc:204 imb:1 pmb:0 smb:999 d:- ref:0 ;
in:36 out:36 type:P dur:2 cpbdur:2 q:39.41 tex:114 mv:40 misc:246 imb:2 pmb:4 smb:994 d:- ref:0 ;
in:37 out:37 type:P dur:2 cpbdur:2 q:39.20 tex:73 mv:10 misc:205 imb:1 pmb:0 smb:999 d:- ref:0 ;
in:38 out:38 type:P dur:2 cpbdur:2 q:38.99 tex:73 mv:10 misc:205 imb:1 pmb:0 smb:999 d:- ref:0 ;
in:39 out:39 type:P dur:2 cpbdur:2 q:38.79 tex:73 mv:10 misc:205 imb:1 pmb:0 smb:999 d:- ref:0 ;
in:40 out:40 type:P dur:2 cpbdur:2 q:38.43 tex:655 mv:82 misc:239 imb:1 pmb:24 smb:975 d:- ref:0 ;
in:41 out:41 type:P dur:2 cpbdur:2 q:38.42 tex:7136 mv:1064 misc:784 imb:61 pmb:176 smb:763 d:- ref:0 ;
in:42 out:42 type:P dur:2 cpbdur:2 q:38.65 tex:73 mv:10 misc:205 imb:1 pmb:0 smb:999 d:- ref:0 ;
in:43 out:43 type:P dur:2 cpbdur:2 q:38.47 tex:76 mv:10 misc:210 imb:1 pmb:0 smb:999 d:- ref:0 ;
in:44 out:44 type:P dur:2 cpbdur:2 q:38.29 tex:76 mv:10 misc:210 imb:1 pmb:0 smb:999 d:- ref:0 ;
in:45 out:45 type:P dur:2 cpbdur:2 q:38.11 tex:76 mv:10 misc:210 imb:1 pmb:0 smb:999 d:- ref:0 ;
in:46 out:46 type:P dur:2 cpbdur:2 q:37.93 tex:76 mv:10 misc:210 imb:1 pmb:0 smb:999 d:- ref:0 ;
in:47 out:47 type:P dur:2 cpbdur:2 q:37.76 tex:76 mv:10 misc:210 imb:1 pmb:0 smb:999 d:- ref:0 ;
in:48 out:48 type:P dur:2 cpbdur:2 q:37.60 tex:76 mv:10 misc:210 imb:1 pmb:0 smb:999 d:- ref:0 ;
in:49 out:49 type:P dur:2 cpbdur:2 q:37.43 tex:13472 mv:1190 misc:842 imb:27 pmb:298 smb:675 d:- ref:0 ;
in:50 out:50 type:P dur:2 cpbdur:2 q:37.88 tex:0 mv:0 misc:192 imb:0 pmb:0 smb:1000 d:- ref:0 ;
in:51 out:51 type:P dur:2 cpbdur:2 q:37.72 tex:0 mv:0 misc:192 imb:0 pmb:0 smb:1000 d:- ref:0 ;
in:52 out:52 type:P dur:2 cpbdur:2 q:37.56 tex:0 mv:0 misc:192 imb:0 pmb:0 smb:1000 d:- ref:0 ;
in:53 out:53 type:P dur:2 cpbdur:2 q:37.41 tex:0 mv:0 misc:192 imb:0 pmb:0 smb:1000 d:- ref:0 ;
in:54 out:54 type:P dur:2 cpbdur:2 q:37.26 tex:0 mv:0 misc:192 imb:0 pmb:0 smb:1000 d:- ref:0 ;
in:55 out:55 type:P dur:2 cpbdur:2 q:37.11 tex:0 mv:0 misc:192 imb:0 pmb:0 smb:1000 d:- ref:0 ;
in:56 out:56 type:P dur:2 cpbdur:2 q:36.96 tex:0 mv:0 misc:192 imb:0 pmb:0 smb:1000 d:- ref:0 ;
in:57 out:57 type:P dur:2 cpbdur:2 q:36.65 tex:365 mv:18 misc:209 imb:0 pmb:6 smb:994 d:- ref:0 ;
in:58 out:58 type:P dur:2 cpbdur:2 q:36.69 tex:0 mv:0 misc:192 imb:0 pmb:0 smb:1000 d:- ref:0 ;
in:59 out:59 type:P dur:2 cpbdur:2 q:35.90 tex:1134 mv:566 misc:300 imb:59 pmb:10 smb:931 d:- ref:0 ;
in:60 out:60 type:P dur:2 cpbdur:2 q:36.47 tex:7606 mv:738 misc:800 imb:20 pmb:190 smb:790 d:- ref:0 ;
in:61 out:61 type:P dur:2 cpbdur:2 q:36.63 tex:0 mv:0 misc:192 imb:0 pmb:0 smb:1000 d:- ref:0 ;
in:62 out:62 type:P dur:2 cpbdur:2 q:36.50 tex:0 mv:0 misc:192 imb:0 pmb:0 smb:1000 d:- ref:0 ;
in:63 out:63 type:P dur:2 cpbdur:2 q:36.37 tex:0 mv:0 misc:192 imb:0 pmb:0 smb:1000 d:- ref:0 ;
in:64 out:64 type:P dur:2 cpbdur:2 q:36.08 tex:269 mv:25 misc:226 imb:1 pmb:5 smb:994 d:- ref:0 ;
in:65 out:65 type:P dur:2 cpbdur:2 q:36.12 tex:0 mv:0 misc:192 imb:0 pmb:0 smb:1000 d:- ref:0 ;
in:66 out:66 type:P dur:2 cpbdur:2 q:35.35 tex:2376 mv:82 misc:246 imb:2 pmb:22 smb:976 d:- ref:0 ;
in:67 out:67 type:P dur:2 cpbdur:2 q:35.94 tex:0 mv:0 misc:192 imb:0 pmb:0 smb:1000 d:- ref:0 ;
in:68 out:68 type:P dur:2 cpbdur:2 q:35.82 tex:0 mv:0 misc:192 imb:0 pmb:0 smb:1000 d:- ref:0 ;
in:69 out:69 type:P dur:2 cpbdur:2 q:35.70 tex:0 mv:0 misc:192 imb:0 pmb:0 smb:1000 d:- ref:0 ;
in:70 out:70 type:P dur:2 cpbdur:2 q:35.58 tex:0 mv:0 misc:192 imb:0 pmb:0 smb:1000 d:- ref:0 ;
in:71 out:71 type:P dur:2 cpbdur:2 q:35.47 tex:11179 mv:939 misc:810 imb:15 pmb:255 smb:730 d:- ref:0 ;
in:72 out:72 type:P dur:2 cpbdur:2 q:35.71 tex:9 mv:3 misc:204 imb:0 pmb:1 smb:999 d:- ref:0 ;
in:73 out:73 type:P dur:2 cpbdur:2 q:35.60 tex:0 mv:0 misc:192 imb:0 pmb:0 smb:1000 d:- ref:0 ;
in:74 out:74 type:P dur:2 cpbdur:2 q:35.49 tex:27 mv:9 misc:228 imb:0 pmb:3 smb:997 d:- ref:0 ;
in:75 out:75 type:P dur:2 cpbdur:2 q:35.38 tex:0 mv:0 misc:192 imb:0 pmb:0 smb:1000 d:- ref:0 ;
in:76 out:76 type:P dur:2 cpbdur:2 q:35.27 tex:0 mv:0 misc:192 imb:0 pmb:0 smb:1000 d:- ref:0 ;
in:77 out:77 type:P dur:2 cpbdur:2 q:35.16 tex:0 mv:0 misc:192 imb:0 pmb:0 smb:1000 d:- ref:0 ;
in:78 out:78 type:P dur:2 cpbdur:2 q:35.06 tex:0 mv:0 misc:192 imb:0 pmb:0 smb:1000 d:- ref:0 ;
in:79 out:79 type:P dur:2 cpbdur:2 q:34.95 tex:0 mv:0 misc:192 imb:0 pmb:0 smb:1000 d:- ref:0 ;
in:80 out:80 type:P dur:2 cpbdur:2 q:34.85 tex:0 mv:0 misc:192 imb:0 pmb:0 smb:1000 d:- ref:0 ;
in:81 out:81 type:P dur:2 cpbdur:2 q:34.59 tex:462 mv:221 misc:237 imb:18 pmb:9 smb:973 d:- ref:0 ;
in:82 out:82 type:P dur:2 cpbdur:2 q:34.46 tex:1347 mv:61 misc:232 imb:1 pmb:17 smb:982 d:- ref:0 ;
in:83 out:83 type:P dur:2 cpbdur:2 q:34.60 tex:0 mv:0 misc:192 imb:0 pmb:0 smb:1000 d:- ref:0 ;
in:84 out:84 type:P dur:2 cpbdur:2 q:34.50 tex:12195 mv:1147 misc:770 imb:36 pmb:255 smb:709 d:- ref:0 ;
in:85 out:85 type:P dur:2 cpbdur:2 q:34.74 tex:0 mv:0 misc:192 imb:0 pmb:0 smb:1000 d:- ref:0 ;
in:86 out:86 type:P dur:2 cpbdur:2 q:34.64 tex:0 mv:0 misc:192 imb:0 pmb:0 smb:1000 d:- ref:0 ;
in:87 out:87 type:P dur:2 cpbdur:2 q:34.55 tex:0 mv:0 misc:192 imb:0 pmb:0 smb:1000 d:- ref:0 ;
in:88 out:88 type:P dur:2 cpbdur:2 q:34.29 tex:86 mv:24 misc:250 imb:0 pmb:6 smb:994 d:- ref:0 ;
in:89 out:89 type:P dur:2 cpbdur:2 q:34.36 tex:0 mv:0 misc:192 imb:0 pmb:0 smb:1000 d:- ref:0 ;
in:90 out:90 type:P dur:2 cpbdur:2 q:34.27 tex:0 mv:0 misc:192 imb:0 pmb:0 smb:1000 d:- ref:0 ;
in:91 out:91 type:P dur:2 cpbdur:2 q:33.70 tex:62 mv:70 misc:220 imb:7 pmb:0 smb:993 d:- ref:0 ;
in:92 out:92 type:P dur:2 cpbdur:2 q:34.09 tex:0 mv:0 misc:192 imb:0 pmb:0 smb:1000 d:- ref:0 ;
in:93 out:93 type:P dur:2 cpbdur:2 q:33.36 tex:980 mv:72 misc:236 imb:2 pmb:18 smb:980 d:- ref:0 ;
in:94 out:94 type:P dur:2 cpbdur:2 q:33.43 tex:2505 mv:75 misc:236 imb:1 pmb:23 smb:976 d:- ref:0 ;
in:95 out:95 type:P dur:2 cpbdur:2 q:33.54 tex:1124 mv:118 misc:230 imb:7 pmb:14 smb:979 d:- ref:0 ;
in:96 out:96 type:P dur:2 cpbdur:2 q:33.04 tex:400 mv:127 misc:241 imb:8 pmb:15 smb:977 d:- ref:0 ;
in:97 out:97 type:P dur:2 cpbdur:2 q:33.77 tex:0 mv:0 misc:192 imb:0 pmb:0 smb:1000 d:- ref:0 ;
in:98 out:98 type:P dur:2 cpbdur:2 q:33.68 tex:0 mv:0 misc:192 imb:0 pmb:0 smb:1000 d:- ref:0 ;
in:99 out:99 type:P dur:2 cpbdur:2 q:32.64 tex:1235 mv:60 misc:233 imb:0 pmb:20 smb:980 d:- ref:0 ;
in:100 out:100 type:P dur:2 cpbdur:2 q:33.54 tex:0 mv:0 misc:192 imb:0 pmb:0 smb:1000 d:- ref:0 ;
in:101 out:101 type:P dur:2 cpbdur:2 q:33.46 tex:8085 mv:694 misc:709 imb:9 pmb:198 smb:793 d:- ref:0 ;
in:102 out:102 type:P dur:2 cpbdur:2 q:33.56 tex:0 mv:0 misc:192 imb:0 pmb:0 smb:1000 d:- ref:0 ;
in:103 out:103 type:P dur:2 cpbdur:2 q:33.48 tex:0 mv:0 misc:192 imb:0 pmb:0 smb:1000 d:- ref:0 ;
in:104 out:104 type:P dur:2 cpbdur:2 q:33.24 tex:572 mv:24 misc:212 imb:0 pmb:8 smb:992 d:- ref:0 ;
in:105 out:105 type:P dur:2 cpbdur:2 q:32.69 tex:622 mv:30 misc:220 imb:0 pmb:10 smb:990 d:- ref:0 ;
in:106 out:106 type:P dur:2 cpbdur:2 q:33.27 tex:0 mv:0 misc:192 imb:0 pmb:0 smb:1000 d:- ref:0 ;
in:107 out:107 type:P dur:2 cpbdur:2 q:32.39 tex:652 mv:36 misc:232 imb:0 pmb:12 smb:988 d:- ref:0 ;
in:108 out:108 type:P dur:2 cpbdur:2 q:37.19 tex:10640 mv:817 misc:527 imb:21 pmb:129 smb:850 d:- ref:0 ;
in:109 out:109 type:P dur:2 cpbdur:2 q:40.57 tex:0 mv:0 misc:192 imb:0 pmb:0 smb:1000 d:- ref:0 ;
in:110 out:110 type:P dur:2 cpbdur:2 q:42.99 tex:4884 mv:1000 misc:396 imb:104 pmb:22 smb:874 d:- ref:0 ;
in:111 out:111 type:P dur:2 cpbdur:2 q:44.04 tex:4939 mv:1045 misc:408 imb:80 pmb:55 smb:865 d:- ref:0 ;
in:112 out:112 type:P dur:2 cpbdur:2 q:44.33 tex:4477 mv:933 misc:414 imb:61 pmb:63 smb:876 d:- ref:0 ;
in:113 out:113 type:P dur:2 cpbdur:2 q:44.47 tex:4655 mv:833 misc:408 imb:56 pmb:75 smb:869 d:- ref:0 ;
in:114 out:114 type:P dur:2 cpbdur:2 q:43.49 tex:3554 mv:389 misc:401 imb:8 pmb:77 smb:915 d:- ref:0 ;
in:115 out:115 type:P dur:2 cpbdur:2 q:42.54 tex:1898 mv:316 misc:402 imb:14 pmb:54 smb:932 d:- ref:0 ;
in:116 out:116 type:P dur:2 cpbdur:2 q:40.64 tex:4049 mv:504 misc:415 imb:15 pmb:100 smb:885 d:- ref:0 ;
in:117 out:117 type:P dur:2 cpbdur:2 q:42.58 tex:2197 mv:534 misc:469 imb:12 pmb:92 smb:896 d:- ref:0 ;
in:118 out:118 type:P dur:2 cpbdurb:1000 d:- ref:0 ;
in:119 out:119 type:P dur:2 cpbdur:2 q:38.02 tex:0 mv:0 misc:192 imb:0 pmb:0 smb:1000 d:- ref:0 ;
in:120 out:120 type:P dur:2 cpbdur:2 q:42.02 tex:1838 mv:559 misc:459 imb:11 pmb:71 smb:918 d:- ref:0 ;
in:121 out:121 type:P dur:2 cpbdur:2 q:40.31 tex:1347 mv:311 misc:446 imb:0 pmb:73 smb:927 d:- ref:0 ;
in:122 out:122 type:P dur:2 cpbdur:2 q:38.30 tex:2428 mv:235 misc:433 imb:1 pmb:59 smb:940 d:- ref:0 ;
in:123 out:123 type:P dur:2 cpbdur:2 q:36.59 tex:953 mv:97 misc:374 imb:1 pmb:29 smb:970 d:- ref:0 ;
in:124 out:124 type:P dur:2 cpbdur:2 q:35.23 tex:1610 mv:170 misc:420 imb:1 pmb:46 smb:953 d:- ref:0 ;
in:125 out:125 type:P dur:2 cpbdur:2 q:34.30 tex:1347 mv:159 misc:422 imb:2 pmb:43 smb:955 d:- ref:0 ;
in:126 out:126 type:P dur:2 cpbdur:2 q:33.70 tex:11 mv:10 misc:203 imb:1 pmb:0 smb:999 d:- ref:0 ;
in:127 out:127 type:P dur:2 cpbdur:2 q:33.32 tex:11118 mv:1247 misc:907 imb:50 pmb:251 smb:699 d:- ref:0 ;
in:128 out:128 type:P dur:2 cpbdur:2 q:33.29 tex:11 mv:10 misc:203 imb:1 pmb:0 smb:999 d:- ref:0 ;
in:129 out:129 type:P dur:2 cpbdur:2 q:33.14 tex:11 mv:10 misc:203 imb:1 pmb:0 smb:999 d:- ref:0 ;
in:130 out:130 type:P dur:2 cpbdur:2 q:37.14 tex:9088 mv:1028 misc:596 imb:13 pmb:164 smb:823 d:- ref:0 ;
in:131 out:131 type:P dur:2 cpbdur:2 q:39.67 tex:0 mv:0 misc:192 imb:0 pmb:0 smb:1000 d:- ref:0 ;
in:132 out:132 type:P dur:2 cpbdur:2 q:37.68 tex:0 mv:0 misc:192 imb:0 pmb:0 smb:1000 d:- ref:0 ;
in:133 out:133 type:P dur:2 cpbdur:2 q:36.00 tex:1198 mv:150 misc:412 imb:0 pmb:46 smb:954 d:- ref:0 ;
in:134 out:134 type:P dur:2 cpbdur:2 q:34.75 tex:3017 mv:309 misc:514 imb:0 pmb:97 smb:903 d:- ref:0 ;
in:135 out:135 type:P dur:2 cpbdur:2 q:33.93 tex:5083 mv:398 misc:551 imb:2 pmb:118 smb:880 d:- ref:0 ;
in:136 out:136 type:P dur:2 cpbdur:2 q:33.46 tex:7541 mv:502 misc:589 imb:1 pmb:162 smb:837 d:- ref:0 ;
in:137 out:137 type:P dur:2 cpbdur:2 q:33.25 tex:11 mv:10 misc:203 imb:1 pmb:0 smb:999 d:- ref:0 ;
in:138 out:138 type:P dur:2 cpbdur:2 q:33.04 tex:11 mv:10 misc:203 imb:1 pmb:0 smb:999 d:- ref:0 ;
in:139 out:139 type:P dur:2 cpbdur:2 q:32.91 tex:11 mv:10 misc:203 imb:1 pmb:0 smb:999 d:- ref:0 ;
in:140 out:140 type:P dur:2 cpbdur:2 q:32.65 tex:1289 mv:73 misc:246 imb:1 pmb:17 smb:982 d:- ref:0 ;
in:141 out:141 type:P dur:2 cpbdur:2 q:32.75 tex:11 mv:10 misc:203 imb:1 pmb:0 smb:999 d:- ref:0 ;
in:142 out:142 type:P dur:2 cpbdur:2 q:32.68 tex:11 mv:10 misc:203 imb:1 pmb:0 smb:999 d:- ref:0 ;
in:143 out:143 type:P dur:2 cpbdur:2 q:32.62 tex:11 mv:10 misc:203 imb:1 pmb:0 smb:999 d:- ref:0 ;
in:144 out:144 type:P dur:2 cpbdur:2 q:32.24 tex:985 mv:61 misc:250 imb:1 pmb:15 smb:984 d:- ref:0 ;
in:145 out:145 type:P dur:2 cpbdur:2 q:32.51 tex:11 mv:10 misc:203 imb:1 pmb:0 smb:999 d:- ref:0 ;
in:146 out:146 type:P dur:2 cpbdur:2 q:32.46 tex:14194 mv:1226 misc:892 imb:39 pmb:290 smb:671 d:- ref:0 ;
in:147 out:147 type:P dur:2 cpbdur:2 q:32.63 tex:11 mv:10 misc:203 imb:1 pmb:0 smb:999 d:- ref:0 ;
in:148 out:148 type:P dur:2 cpbdur:2 q:32.57 tex:11 mv:10 misc:203 imb:1 pmb:0 smb:999 d:- ref:0 ;
in:149 out:149 type:P dur:2 cpbdur:2 q:32.03 tex:1968 mv:81 misc:239 imb:3 pmb:17 smb:980 d:- ref:0 ;
in:150 out:150 type:P dur:2 cpbdur:2 q:32.49 tex:11 mv:10 misc:203 imb:1 pmb:0 smb:999 d:- ref:0 ;
in:151 out:151 type:P dur:2 cpbdur:2 q:32.43 tex:11 mv:10 misc:203 imb:1 pmb:0 smb:999 d:- ref:0 ;
in:152 out:152 type:P dur:2 cpbdur:2 q:32.38 tex:11 mv:10 misc:203 imb:1 pmb:0 smb:999 d:- ref:0 ;
in:153 out:153 type:P dur:2 cpbdur:2 q:32.16 tex:937 mv:61 misc:242 imb:1 pmb:17 smb:982 d:- ref:0 ;
in:154 out:154 type:P dur:2 cpbdur:2 q:32.28 tex:11 mv:10 misc:203 imb:1 pmb:0 smb:999 d:- ref:0 ;
in:155 out:155 type:P dur:2 cpbdur:2 q:32.23 tex:11 mv:10 misc:203 imb:1 pmb:0 smb:999 d:- ref:0 ;
in:156 out:156 type:P dur:2 cpbdur:2 q:32.17 tex:11 mv:10 misc:203 imb:1 pmb:0 smb:999 d:- ref:0 ;
in:157 out:157 type:P dur:2 cpbdur:2 q:32.12 tex:11 mv:10 misc:203 imb:1 pmb:0 smb:999 d:- ref:0 ;
in:158 out:158 type:P dur:2 cpbdur:2 q:32.07 tex:11 mv:10 misc:203 imb:1 pmb:0 smb:999 d:- ref:0 ;
in:159 out:159 type:P dur:2 cpbdur:2 q:32.01 t:0 misc:192 imb:0 pmb:0 smb:1000 d:- ref:0 ;
in:160 out:160 type:P dur:2 cpbdur:2 q:32.65 tex:0 mv:0 misc:192 imb:0 pmb:0 smb:1000 d:- ref:0 ;
in:161 out:161 type:P dur:2 cpbdur:2 q:32.60 tex:0 mv:0 misc:192 imb:0 pmb:0 smb:1000 d:- ref:0 ;
in:162 out:162 type:P dur:2 cpbdur:2 q:32.38 tex:232 mv:18 misc:214 imb:0 pmb:6 smb:994 d:- ref:0 ;
in:163 out:163 type:P dur:2 cpbdur:2 q:32.50 tex:13386 mv:1298 misc:852 imb:58 pmb:260 smb:682 d:- ref:0 ;
in:164 out:164 type:P dur:2 cpbdur:2 q:32.64 tex:0 mv:0 misc:192 imb:0 pmb:0 smb:1000 d:- ref:0 ;
in:165 out:165 type:P dur:2 cpbdur:2 q:32.59 tex:0 mv:0 misc:192 imb:0 pmb:0 smb:1000 d:- ref:0 ;
in:166 out:166 type:P dur:2 cpbdur:2 q:32.54 tex:0 mv:0 misc:192 imb:0 pmb:0 smb:1000 d:- ref:0 ;
in:167 out:167 type:P dur:2 cpbdur:2 q:32.49 tex:0 mv:0 misc:192 imb:0 pmb:0 smb:1000 d:- ref:0 ;
in:168 out:168 type:P dur:2 cpbdur:2 q:32.44 tex:0 mv:0 misc:192 imb:0 pmb:0 smb:1000 d:- ref:0 ;
in:169 out:169 type:P dur:2 cpbdur:2 q:32.39 tex:0 mv:0 misc:192 imb:0 pmb:0 smb:1000 d:- ref:0 ;
in:170 out:170 type:P dur:2 cpbdur:2 q:36.39 tex:10127 mv:832 misc:545 imb:11 pmb:146 smb:843 d:- ref:0 ;
in:171 out:171 type:P dur:2 cpbdur:2 q:38.43 tex:0 mv:0 misc:192 imb:0 pmb:0 smb:1000 d:- ref:0 ;
in:172 out:172 type:P dur:2 cpbdur:2 q:36.53 tex:0 mv:0 misc:192 imb:0 pmb:0 smb:1000 d:- ref:0 ;
in:173 out:173 type:P dur:2 cpbdur:2 q:34.99 tex:1167 mv:165 misc:436 imb:0 pmb:51 smb:949 d:- ref:0 ;
in:174 out:174 type:P dur:2 cpbdur:2 q:33.86 tex:2723 mv:280 misc:501 imb:1 pmb:86 smb:913 d:- ref:0 ;
in:175 out:175 type:P dur:2 cpbdur:2 q:34.32 tex:728 mv:22 misc:234 imb:1 pmb:4 smb:995 d:- ref:0 ;
in:176 out:176 type:P dur:2 cpbdur:2 q:34.15 tex:745 mv:58 misc:253 imb:6 pmb:2 smb:992 d:- ref:0 ;
in:177 out:177 type:P dur:2 cpbdur:2 q:35.17 tex:1859 mv:119 misc:278 imb:0 pmb:25 smb:975 d:- ref:0 ;
in:178 out:178 type:P dur:2 cpbdur:2 q:34.93 tex:874 mv:78 misc:232 imb:6 pmb:6 smb:988 d:- ref:0 ;
in:179 out:179 type:P dur:2 cpbdur:2 q:34.61 tex:192 mv:47 misc:217 imb:0 pmb:3 smb:997 d:- ref:0 ;
in:180 out:180 type:P dur:2 cpbdur:2 q:34.03 tex:360 mv:54 misc:282 imb:0 pmb:10 smb:990 d:- ref:0 ;
in:181 out:181 type:P dur:2 cpbdur:2 q:34.06 tex:455 mv:27 misc:238 imb:3 pmb:1 smb:996 d:- ref:0 ;
in:182 out:182 type:P dur:2 cpbdur:2 q:33.91 tex:349 mv:19 misc:224 imb:2 pmb:1 smb:997 d:- ref:0 ;
in:183 out:183 type:P dur:2 cpbdur:2 q:34.46 tex:1180 mv:125 misc:255 imb:9 pmb:5 smb:986 d:- ref:0 ;
in:184 out:184 type:P dur:2 cpbdur:2 q:34.15 tex:787 mv:20 misc:217 imb:0 pmb:4 smb:996 d:- ref:0 ;
in:185 out:185 type:P dur:2 cpbdur:2 q:38.15 tex:5875 mv:723 misc:522 imb:9 pmb:119 smb:872 d:- ref:0 ;
in:186 out:186 type:P dur:2 cpbdur:2 q:38.20 tex:490 mv:26 misc:228 imb:1 pmb:2 smb:997 d:- ref:0 ;
in:187 out:187 type:P dur:2 cpbdur:2 q:36.47 tex:5874 mv:397 misc:521 imb:3 pmb:111 smb:886 d:- ref:0 ;
in:188 out:188 type:P dur:2 cpbdur:2 q:35.85 tex:956 mv:21 misc:223 imb:1 pmb:3 smb:996 d:- ref:0 ;
in:189 out:189 type:P dur:2 cpbdur:2 q:34.37 tex:4060 mv:358 misc:526 imb:6 pmb:98 smb:896 d:- ref:0 ;
in:190 out:190 type:P dur:2 cpbdur:2 q:34.74 tex:1324 mv:83 misc:241 imb:4 pmb:7 smb:989 d:- ref:0 ;
in:191 out:191 type:P dur:2 cpbdur:2 q:34.64 tex:1124 mv:73 misc:235 imb:3 pmb:7 smb:990 d:- ref:0 ;
in:192 out:192 type:P dur:2 cpbdur:2 q:34.15 tex:884 mv:57 misc:227 imb:2 pmb:7 smb:991 d:- ref:0 ;
in:193 out:193 type:P dur:2 cpbdur:2 q:33.53 tex:550 mv:18 misc:216 imb:0 pmb:4 smb:996 d:- ref:0 ;
in:194 out:194 type:P dur:2 cpbdur:2 q:33.02 tex:2130 mv:187 misc:499 imb:1 pmb:57 smb:942 d:- ref:0 ;
in:195 out:195 type:P dur:2 cpbdur:2 q:32.42 tex:2780 mv:242 misc:490 imb:2 pmb:72 smb:926 d:- ref:0 ;
in:196 out:196 type:P dur:2 cpbdur:2 q:32.46 tex:522 mv:20 misc:218 imb:0 pmb:4 smb:996 d:- ref:0 ;
in:197 out:197 type:P dur:2 cpbdur:2 q:32.07 tex:0 mv:0 misc:192 imb:0 pmb:0 smb:1000 d:- ref:0 ;
in:198 out:198 type:P dur:2 cpbdur:2 q:31.83 tex:0 mv:0 misc:192 imb:0 pmb:0 smb:1000 d:- ref:0 ;
in:199 out:199 type:P dur:2 cpbdur:2 q:31.69 tex:0 mv:0 misc:192 imb:0 pmb:0 smb:1000 d:- ref:0 ;
in:200 out:200 type:P dur:2 cpbdur:2 q:31.64 tex:5776 mv:186 misc:262 imb:7 pmb:26 smb:967 d:- ref:0 ;
in:201 out:201 type:P dur:2 cpbdur:2 q:31.70 tex:0 mv:0 misc:192 imb:0 pmb:0 smb:1000 d:- ref:0 ;
in:202 out:202 type:P dur:2 cpbdur:2 q:31.59 tex:0 mv:0 misc:192 imb:0 pmb:0 smb:1000 d:- ref:0 ;
in:203 out:203 type:P dur:2 cpbdur:2 q:31.51 tex:0 mv:0 misc:192 imb:0 pmb:0 smb:1000 d:- ref:0 ;
in:204 out:204 type:P dur:2 cpbdur:2 q:31.45 tex:18072 mv:1393 misc:927 imb:63 pmb:307 smb:630 d:- ref:0 ;
in:205 out:205 type:P dur:2 cpbdur:2 q:31.61 tex:36 mv:12 misc:232 imb:0 pmb:4 smb:996 d:- ref:0 ;
in:206 out:206 type:P dur:2 cpbdur:2 q:31.57 tex:0 mv:0 misc:192 imb:0 pmb:0 smb:1000 d:- ref:0 ;
in:207 out:207 type:P dur:2 cpbdur:2 q:31.52 tex:0 mv:0 misc:192 imb:0 pmb:0 smb:1000 d:- ref:0 ;
in:208 out:208 type:P dur:2 cpbdur:2 q:31.48 tex:27 mv:9 misc:220 imb:0 pmb:3 smb:997 d:- ref:0 ;
in:209 out:209 type:P dur:2 cpbdur:2 q:35.48 tex:145449 mv:7535 misc:1048 imb:716 pmb:109 smb:175 d:- ref:0 ;
in:210 out:210 type:P dur:2 cpbdur:2 q:39.48 tex:0 mv:0 misc:192 imb:0 pmb:0 smb:1000 d:- ref:0 ;
in:211 out:211 type:P dur:2 cpbdur:2 q:39.75 tex:0 mv:0 misc:192 imb:0 pmb:0 smb:1000 d:- ref:0 ;
in:212 out:212 type:P dur:2 cpbdur:2 q:37.73 tex:50 mv:9 misc:213 imb:0 pmb:3 smb:997 d:- ref:0 ;
in:213 out:213 type:P dur:2 cpbdur:2 q:37.21 tex:16 mv:3 misc:205 imb:0 pmb:1 smb:999 d:- ref:0 ;
in:214 out:214 type:P dur:2 cpbdur:2 q:35.42 tex:185 mv:50 misc:293 imb:0 pmb:12 smb:988 d:- ref:0 ;
in:215 out:215 type:P dur:2 cpbdur:2 q:34.00 tex:6065 mv:306 misc:573 imb:0 pmb:102 smb:898 d:- ref:0 ;
in:216 out:216 type:P dur:2 cpbdur:2 q:33.05 tex:6346 mv:424 misc:694 imb:1 pmb:134 smb:865 d:- ref:0 ;
in:217 out:217 type:P dur:2 cpbdur:2 q:32.47 tex:16323 mv:963 misc:914 imb:12 pmb:289 smb:699 d:- ref:0 ;
in:218 out:218 type:P dur:2 cpbdur:2 q:32.26 tex:16 mv:3 misc:205 imb:0 pmb:1 smb:999 d:- ref:0 ;
in:219 out:219 type:P dur:2 cpbdur:2 q:34.49 tex:1870 mv:123 misc:239 imb:10 pmb:5 smb:985 d:- ref:0 ;
in:220 out:220 type:P dur:2 cpbdur:2 q:35.09 tex:1375 mv:89 misc:240 imb:5 pmb:11 smb:984 d:- ref:0 ;
in:221 out:221 type:P dur:2 cpbdur:2 q:35.75 tex:2061 mv:132 misc:239 imb:6 pmb:12 smb:982 d:- ref:0 ;
in:222 out:222 type:P dur:2 cpbdur:2 q:35.44 tex:1814 mv:60 misc:238 imb:1 pmb:12 smb:987 d:- ref:0 ;
in:223 out:223 type:P dur:2 cpbdur:2 q:34.05 tex:429 mv:24 misc:227 imb:0 pmb:8 smb:992 d:- ref:0 ;
in:224 out:224 type:P dur:2 cpbdur:2 q:32.91 tex:4020 mv:141 misc:303 imb:3 pmb:39 smb:958 d:- ref:0 ;
in:225 out:225 type:P dur:2 cpbdur:2 q:32.45 tex:522 mv:33 misc:253 imb:0 pmb:11 smb:989 d:- ref:0 ;
in:226 out:226 type:P dur:2 cpbdur:2 q:32.07 tex:0 mv:0 misc:192 imb:0 pmb:0 smb:1000 d:- ref:0 ;
in:227 out:227 type:P dur:2 cpbdur:2 q:31.84 tex:0 mv:0 misc:192 imb:0 pmb:0 smb:1000 d:- ref:0 ;
in:228 out:228 type:P dur:2 cpbdur:2 q:31.71 tex:0 mv:0 misc:192 imb:0 pmb:0 smb:1000 d:- ref:0 ;
in:229 out:229 type:P dur:2 cpbdur:2 q:31.62 tex:0 mv:0 misc:192 imb:0 pmb:0 smb:1000 d:- ref:0 ;
in:230 out:230 type:P dur:2 cpbdur:2 q:31.56 tex:0 mv:0 misc:192 imb:0 pmb:0 smb:1000 d:- ref:0 ;
in:231 out:231 type:P dur:2 cpbdur:2 q:31.51 tex:0 mv:0 misc:192 imb:0 pmb:0 smb:1000 d:- ref:0 ;
in:232 out:232 type:P dur:2 cpbdur:2 q:31.47 tex:21228 mv:1035 misc:913 imb:9 pmb:315 smb:676 d:- ref:0 ;
in:233 out:233 type:P dur:2 cpbdur:2 q:31.63 tex:9 mv:3 misc:204 imb:0 pmb:1 smb:999 d:- ref:0 ;
in:234 out:234 type:P dur:2 cpbdur:2 q:31.60 tex:0 mv:0 misc:192 imb:0 pmb:0 smb:1000 d:- ref:0 ;
in:235 out:235 type:P dur:2 cpbdur:2 q:31.56 tex:0 mv:0 misc:192 imb:0 pmb:0 smb:1000 d:- ref:0 ;
in:236 out:236 type:P dur:2 cpbdur:2 q:31.36 tex:3120 mv:75 misc:237 imb:0 pmb:25 smb:975 d:- ref:0 ;
in:237 out:237 type:P dur:2 cpbdur:2 q:31.52 tex:0 mv:0 misc:192 imb:0 pmb:0 smb:1000 d:- ref:0 ;
in:238 out:238 type:P dur:2 cpbdur:2 q:31.48 tex:40 mv:9 misc:223 imb:0 pmb:3 smb:997 d:- ref:0 ;
in:239 out:239 type:P dur:2 cpbdur:2 q:31.44 tex:0 mv:0 misc:192 imb:0 pmb:0 smb:1000 d:- ref:0 ;
in:240 out:240 type:P dur:2 cpbdur:2 q:31.41 tex:0 mv:0 misc:192 imb:0 pmb:0 smb:1000 d:- ref:0 ;
in:241 out:241 type:P 0 smb:1000 d:- ref:0 ;
in:242 out:242 type:P dur:2 cpbdur:2 q:30.00 tex:0 mv:0 misc:192 imb:0 pmb:0 smb:1000 d:- ref:0 ;
in:243 out:243 type:P dur:2 cpbdur:2 q:29.97 tex:0 mv:0 misc:192 imb:0 pmb:0 smb:1000 d:- ref:0 ;
in:244 out:244 type:P dur:2 cpbdur:2 q:28.17 tex:0 mv:0 misc:192 imb:0 pmb:0 smb:1000 d:- ref:0 ;
in:245 out:245 type:P dur:2 cpbdur:2 q:29.90 tex:0 mv:0 misc:192 imb:0 pmb:0 smb:1000 d:- ref:0 ;
in:246 out:246 type:P dur:2 cpbdur:2 q:29.86 tex:0 mv:0 misc:192 imb:0 pmb:0 smb:1000 d:- ref:0 ;
in:247 out:247 type:P dur:2 cpbdur:2 q:28.51 tex:0 mv:0 misc:192 imb:0 pmb:0 smb:1000 d:- ref:0 ;
in:248 out:248 type:P dur:2 cpbdur:2 q:28.03 tex:0 mv:0 misc:192 imb:0 pmb:0 smb:1000 d:- ref:0 ;
in:249 out:249 type:P dur:2 cpbdur:2 q:28.00 tex:0 mv:0 misc:192 imb:0 pmb:0 smb:1000 d:- ref:0 ;
in:250 out:250 type:I dur:2 cpbdur:2 q:28.69 tex:84483 mv:5502 misc:423 imb:1000 pmb:0 smb:0 d:- ref:;
in:251 out:251 type:P dur:2 cpbdur:2 q:33.76 tex:0 mv:0 misc:192 imb:0 pmb:0 smb:1000 d:- ref:0 ;
in:252 out:252 type:P dur:2 cpbdur:2 q:35.36 tex:0 mv:0 misc:192 imb:0 pmb:0 smb:1000 d:- ref:0 ;
in:253 out:253 type:P dur:2 cpbdur:2 q:35.08 tex:0 mv:0 misc:192 imb:0 pmb:0 smb:1000 d:- ref:0 ;
in:254 out:254 type:P dur:2 cpbdur:2 q:33.33 tex:0 mv:0 misc:192 imb:0 pmb:0 smb:1000 d:- ref:0 ;
in:255 out:255 type:P dur:2 cpbdur:2 q:31.95 tex:0 mv:0 misc:192 imb:0 pmb:0 smb:1000 d:- ref:0 ;
in:256 out:256 type:P dur:2 cpbdur:2 q:30.98 tex:32 mv:6 misc:202 imb:0 pmb:2 smb:998 d:- ref:0 ;
in:257 out:257 type:P dur:2 cpbdur:2 q:30.36 tex:42 mv:6 misc:216 imb:0 pmb:2 smb:998 d:- ref:0 ;
in:258 out:258 type:P dur:2 cpbdur:2 q:30.00 tex:0 mv:0 misc:192 imb:0 pmb:0 smb:1000 d:- ref:0 ;
in:259 out:259 type:P dur:2 cpbdur:2 q:29.79 tex:0 mv:0 misc:192 imb:0 pmb:0 smb:1000 d:- ref:0 ;
in:260 out:260 type:P dur:2 cpbdur:2 q:29.66 tex:0 mv:0 misc:192 imb:0 pmb:0 smb:1000 d:- ref:0 ;
in:261 out:261 type:P dur:2 cpbdur:2 q:29.58 tex:0 mv:0 misc:192 imb:0 pmb:0 smb:1000 d:- ref:0 ;
in:262 out:262 type:P dur:2 cpbdur:2 q:29.52 tex:0 mv:0 misc:192 imb:0 pmb:0 smb:1000 d:- ref:0 ;
in:263 out:263 type:P dur:2 cpbdur:2 q:29.48 tex:28 mv:6 misc:214 imb:0 pmb:2 smb:998 d:- ref:0 ;
in:264 out:264 type:P dur:2 cpbdur:2 q:29.44 tex:0 mv:0 misc:192 imb:0 pmb:0 smb:1000 d:- ref:0 ;
in:265 out:265 type:P dur:2 cpbdur:2 q:29.24 tex:187 mv:9 misc:212 imb:0 pmb:3 smb:997 d:- ref:0 ;
in:266 out:266 type:P dur:2 cpbdur:2 q:29.05 tex:24 mv:23 misc:217 imb:3 pmb:1 smb:996 d:- ref:0 ;
in:267 out:267 type:P dur:2 cpbdur:2 q:28.70 tex:4 mv:12 misc:208 imb:2 pmb:0 smb:998 d:- ref:0 ;
in:268 out:268 type:P dur:2 cpbdur:2 q:29.31 tex:0 mv:0 misc:192 imb:0 pmb:0 smb:1000 d:- ref:0 ;
in:269 out:269 type:P dur:2 cpbdur:2 q:29.28 tex:0 mv:0 misc:192 imb:0 pmb:0 smb:1000 d:- ref:0 ;
in:270 out:270 type:P dur:2 cpbdur:2 q:29.24 tex:0 mv:0 misc:192 imb:0 pmb:0 smb:1000 d:- ref:0 ;
in:271 out:271 type:P dur:2 cpbdur:2 q:29.21 tex:0 mv:0 misc:192 imb:0 pmb:0 smb:1000 d:- ref:0 ;
in:272 out:272 type:P dur:2 cpbdur:2 q:28.54 tex:58 mv:232 misc:230 imb:29 pmb:0 smb:971 d:- ref:0 ;
in:273 out:273 type:P dur:2 cpbdur:2 q:29.15 tex:0 mv:0 misc:192 imb:0 pmb:0 smb:1000 d:- ref:0 ;
in:274 out:274 type:P dur:2 cpbdur:2 q:29.12 tex:0 mv:0 misc:192 imb:0 pmb:0 smb:1000 d:- ref:0 ;
in:275 out:275 type:P dur:2 cpbdur:2 q:29.09 tex:0 mv:0 misc:192 imb:0 pmb:0 smb:1000 d:- ref:0 ;
in:276 out:276 type:P dur:2 cpbdur:2 q:29.06 tex:0 mv:0 misc:192 imb:0 pmb:0 smb:1000 d:- ref:0 ;
in:277 out:277 type:P dur:2 cpbdur:2 q:29.03 tex:0 mv:0 misc:192 imb:0 pmb:0 smb:1000 d:- ref:0 ;
in:278 out:278 type:P dur:2 cpbdur:2 q:29.00 tex:0 mv:0 misc:192 imb:0 pmb:0 smb:1000 d:- ref:0 ;
in:279 out:279 type:P dur:2 cpbdur:2 q:28.97 tex:0 mv:0 misc:192 imb:0 pmb:0 smb:1000 d:- ref:0 ;
in:280 out:280 type:P dur:2 cpbdur:2 q:28.30 tex:8 mv:24 misc:224 imb:4 pmb:0 smb:996 d:- ref:0 ;
in:281 out:281 type:P dur:2 cpbdur:2 q:28.90 tex:0 mv:0 misc:192 imb:0 pmb:0 smb:1000 d:- ref:0 ;
in:282 out:282 type:P dur:2 cpbdur:2 q:28.87 tex:0 mv:0 misc:192 imb:0 pmb:0 smb:1000 d:- ref:0 ;
in:283 out:283 type:P dur:2 cpbdur:2 q:28.84 q:29.02 tex:0 mv:0 misc:192 imb:0 pmb:0 smb:1000 d:- ref:0 ;
in:283 out:283 type:P dur:2 cpbdur:2 q:28.99 tex:0 mv:0 misc:192 imb:0 pmb:0 smb:1000 d:- ref:0 ;
in:284 out:284 type:P dur:2 cpbdur:2 q:28.96 tex:0 mv:0 misc:192 imb:0 pmb:0 smb:1000 d:- ref:0 ;
in:285 out:285 type:P dur:2 cpbdur:2 q:28.93 tex:0 mv:0 misc:192 imb:0 pmb:0 smb:1000 d:- ref:0 ;
in:286 out:286 type:P dur:2 cpbdur:2 q:28.90 tex:0 mv:0 misc:192 imb:0 pmb:0 smb:1000 d:- ref:0 ;
in:287 out:287 type:P dur:2 cpbdur:2 q:28.87 tex:0 mv:0 misc:192 imb:0 pmb:0 smb:1000 d:- ref:0 ;
in:288 out:288 type:P dur:2 cpbdur:2 q:28.68 tex:321 mv:96 misc:231 imb:0 pmb:32 smb:968 d:- ref:0 ;
in:289 out:289 type:P dur:2 cpbdur:2 q:28.82 tex:0 mv:0 misc:192 imb:0 pmb:0 smb:1000 d:- ref:0 ;
in:290 out:290 type:P dur:2 cpbdur:2 q:28.79 tex:0 mv:0 misc:192 imb:0 pmb:0 smb:1000 d:- ref:0 ;
in:291 out:291 type:P dur:2 cpbdur:2 q:28.76 tex:0 mv:0 misc:192 imb:0 pmb:0 smb:1000 d:- ref:0 ;
in:292 out:292 type:P dur:2 cpbdur:2 q:28.73 tex:0 mv:0 misc:192 imb:0 pmb:0 smb:1000 d:- ref:0 ;
in:293 out:293 type:P dur:2 cpbdur:2 q:28.30 tex:51 mv:3 misc:202 imb:0 pmb:1 smb:999 d:- ref:0 ;
in:294 out:294 type:P dur:2 cpbdur:2 q:28.03 tex:93 mv:12 misc:207 imb:0 pmb:4 smb:996 d:- ref:0 ;
in:295 out:295 type:P dur:2 cpbdur:2 q:28.64 tex:0 mv:0 misc:192 imb:0 pmb:0 smb:1000 d:- ref:0 ;
in:296 out:296 type:P dur:2 cpbdur:2 q:28.61 tex:0 mv:0 misc:192 imb:0 pmb:0 smb:1000 d:- ref:0 ;
in:297 out:297 type:P dur:2 cpbdur:2 q:28.59 tex:0 mv:0 misc:192 imb:0 pmb:0 smb:1000 d:- ref:0 ;
in:298 out:298 type:P dur:2 cpbdur:2 q:28.56 tex:0 mv:0 misc:192 imb:0 pmb:0 smb:1000 d:- ref:0 ;
in:299 out:299 type:P dur:2 cpbdur:2 q:28.53 tex:0 mv:0 misc:192 imb:0 pmb:0 smb:1000 d:- ref:0 ;
in:300 out:300 type:P dur:2 cpbdur:2 q:28.50 tex:48 mv:9 misc:207 imb:0 pmb:3 smb:997 d:- ref:0 ;
in:301 out:301 type:P dur:2 cpbdur:2 q:28.47 tex:0 mv:0 misc:192 imb:0 pmb:0 smb:1000 d:- ref:0 ;
in:302 out:302 type:P dur:2 cpbdur:2 q:28.44 tex:0 mv:0 misc:192 imb:0 pmb:0 smb:1000 d:- ref:0 ;
in:303 out:303 type:P dur:2 cpbdur:2 q:28.41 tex:0 mv:0 misc:192 imb:0 pmb:0 smb:1000 d:- ref:0 ;
in:304 out:304 type:P dur:2 cpbdur:2 q:28.39 tex:0 mv:0 misc:192 imb:0 pmb:0 smb:1000 d:- ref:0 ;
in:305 out:305 type:P dur:2 cpbdur:2 q:28.36 tex:0 mv:0 misc:192 imb:0 pmb:0 smb:1000 d:- ref:0 ;
in:306 out:306 type:P dur:2 cpbdur:2 q:28.33 tex:0 mv:0 misc:192 imb:0 pmb:0 smb:1000 d:- ref:0 ;
in:307 out:307 type:P dur:2 cpbdur:2 q:28.30 tex:0 mv:0 misc:192 imb:0 pmb:0 smb:1000 d:- ref:0 ;
in:308 out:308 type:P dur:2 cpbdur:2 q:28.27 tex:0 mv:0 misc:192 imb:0 pmb:0 smb:1000 d:- ref:0 ;
in:309 out:309 type:P dur:2 cpbdur:2 q:28.25 tex:0 mv:0 misc:192 imb:0 pmb:0 smb:1000 d:- ref:0 ;
in:310 out:310 type:P dur:2 cpbdur:2 q:27.72 tex:69 mv:3 misc:200 imb:0 pmb:1 smb:999 d:- ref:0 ;
in:311 out:311 type:P dur:2 cpbdur:2 q:28.19 tex:0 mv:0 misc:192 imb:0 pmb:0 smb:1000 d:- ref:0 ;
in:312 out:312 type:P dur:2 cpbdur:2 q:28.16 tex:0 mv:0 misc:192 imb:0 pmb:0 smb:1000 d:- ref:0 ;
in:313 out:313 type:P dur:2 cpbdur:2 q:28.14 tex:0 mv:0 misc:192 imb:0 pmb:0 smb:1000 d:- ref:0 ;
in:314 out:314 type:P dur:2 cpbdur:2 q:28.11 tex:0 mv:0 misc:192 imb:0 pmb:0 smb:1000 d:- ref:0 ;
in:315 out:315 type:P dur:2 cpbdur:2 q:28.08 tex:0 mv:0 misc:192 imb:0 pmb:0 smb:1000 d:- ref:0 ;
in:316 out:316 type:P dur:2 cpbdur:2 q:27.65 tex:128 mv:21 misc:227 imb:0 pmb:7 smb:993 d:- ref:0 ;
in:317 out:317 type:P dur:2 cpbdur:2 q:28.03 tex:0 mv:0 misc:192 imb:0 pmb:0 smb:1000 d:- ref:0 ;
in:318 out:318 type:P dur:2 cpbdur:2 q:27.68 tex:467 mv:701 misc:336 imb:91 pmb:31 smb:878 d:- ref:0 ;
in:319 out:319 type:P dur:2 cpbdur:2 q:27.98 tex:0 mv:0 misc:192 imb:0 pmb:0 smb:1000 d:- ref:0 ;
in:320 out:320 type:P dur:2 cpbdur:2 q:27.96 tex:0 mv:0 misc:192 imb:0 pmb:0 smb:1000 d:- ref:0 ;
in:321 out:321 type:P dur:2 cpbdur:2 q:27.93 tex:0 mv:0 misc:192 imb:0 pmb:0 smb:1000 d:- ref:0 ;
in:322 out:322 type:P dur:2 cpbdur:2 q:27.42 tex:57 mv:3 misc:204 imb:0 pmb:1 smb:999 d:- ref:0 ;
in:323 out:323 type:P dur:2 cpbdur:2 q:27.88 tex:0 mv:0 misc:192 imb:0 pmb:0 smb:1000 d:- ref:0 ;
in:324 out:324 type:P dur:2 cpbdur:2 q:27.21 tex:36 mv:3 misc:201 imb:0 pmb:1 smb:999 d:- ref:0 ;
in:325 out:325 type:P dur:2 cpbdur:2 q:27.82 tex:0 mv:0 misc:192 imb:0 pmb:0 smb:1000 d:- ref:0 ;
in:326 out:326 type:P dur:2 cpbdur:2 q:27.80 tex:0 mv:0 misc:192 imb:0 pmb:0 smb:1000 d:- ref:0 ;
in:327 out:327 type:P dur:2 cpbdur:2 q:27.77 tex:0 mv:0 misc:192 imb:0 pmb:0 smb:1000 d:- ref:0 ;
in:328 out:328 type:P dur:2 cpbdur:2 q:27.74 tex:0 mv:0 misc:192 imb:0 pmb:0 smb:1000 d:- ref:0 ;
in:329 out:329 type:P dur:2 cpbdur:2 q:27.72 tex:0 mv:0 misc:192 imb:0 pmb:0 smb:1000 d:- ref:0 ;
in:330 out:330 type:P dur:2 cpbdur:2 q:27.69 tex:0 mv:0 misc:192 imb:0 pmb:0 smb:1000 d:- ref:0 ;
in:331 out:331 type:P dur:2 cpbdur:2 q:27.67 tex:0 mv:0 misc:192 imb:0 pmb:0 smb:1000 d:- ref:0 ;
in:332 out:332 type:P dur:2 cpbdur:2 q:27.64 tex:0 mv:0 misc:192 imb:0 pmb:0 smb:1000 d:- ref:0 ;
in:333 out:333 type:P dur:2 cpbdur:2 q:27.61 tex:0 mv:0 misc:192 imb:0 pmb:0 smb:1000 d:- ref:0 ;
in:334 out:334 type:P dur:2 cpbdur:2 q:26.79 tex:89 mv:3 misc:204 imb:0 pmb:1 smb:999 d:- ref:0 ;
in:335 out:335 type:P dur:2 cpbdur:2 q:27.56 tex:0 mv:0 misc:192 imb:0 pmb:0 smb:1000 d:- ref:0 ;
in:336 out:336 type:P dur:2 cpbdur:2 q:27.54 tex:0 mv:0 misc:192 imb:0 pmb:0 smb:1000 d:- ref:0 ;
in:337 out:337 type:P dur:2 cpbdur:2 q:27.51 tex:0 mv:0 misc:192 imb:0 pmb:0 smb:1000 d:- ref:0 ;
in:338 out:338 type:P dur:2 cpbdur:2 q:27.49 tex:309 mv:42 misc:257 imb:0 pmb:14 smb:986 d:- ref:0 ;
in:339 out:339 type:P dur:2 cpbdur:2 q:27.46 tex:0 mv:0 misc:176 imb:0 pmb:0 smb:1000 d:- ref:0 ;
in:340 out:340 type:P dur:2 cpbdur:2 q:27.44 tex:0 mv:0 misc:176 imb:0 pmb:0 smb:1000 d:- ref:0 ;
in:341 out:341 type:P dur:2 cpbdur:2 q:27.41 tex:0 mv:0 misc:176 imb:0 pmb:0 smb:1000 d:- ref:0 ;
in:342 out:342 type:P dur:2 cpbdur:2 q:27.39 tex:0 mv:0 misc:176 imb:0 pmb:0 smb:1000 d:- ref:0 ;
in:343 out:343 type:P dur:2 cpbdur:2 q:27.36 tex:0 mv:0 misc:176 imb:0 pmb:0 smb:1000 d:- ref:0 ;
in:344 out:344 type:P dur:2 cpbdur:2 q:27.34 tex:0 mv:0 misc:176 imb:0 pmb:0 smb:1000 d:- ref:0 ;
in:345 out:345 type:P dur:2 cpbdur:2 q:27.31 tex:0 mv:0 misc:176 imb:0 pmb:0 smb:1000 d:- ref:0 ;
in:346 out:346 type:P dur:2 cpbdur:2 q:27.29 tex:0 mv:0 misc:176 imb:0 pmb:0 smb:1000 d:- ref:0 ;
in:347 out:347 type:P dur:2 cpbdur:2 q:27.26 tex:0 mv:0 misc:176 imb:0 pmb:0 smb:1000 d:- ref:0 ;
in:348 out:348 type:P dur:2 cpbdur:2 q:27.24 tex:0 mv:0 misc:176 imb:0 pmb:0 smb:1000 d:- ref:0 ;
in:349 out:349 type:P dur:2 cpbdur:2 q:27.21 tex:0 mv:0 misc:176 imb:0 pmb:0 smb:1000 d:- ref:0 ;
in:350 out:350 type:P dur:2 cpbdur:2 q:27.19 tex:0 mv:0 misc:176 imb:0 pmb:0 smb:1000 d:- ref:0 ;
in:351 out:351 type:P dur:2 cpbdur:2 q:27.16 tex:0 mv:0 misc:176 imb:0 pmb:0 smb:1000 d:- ref:0 ;
in:352 out:352 type:P dur:2 cpbdur:2 q:27.14 tex:0 mv:0 misc:176 imb:0 pmb:0 smb:1000 d:- ref:0 ;
in:353 out:353 type:P dur:2 cpbdur:2 q:27.11 tex:0 mv:0 misc:176 imb:0 pmb:0 smb:1000 d:- ref:0 ;
in:354 out:354 type:P dur:2 cpbdur:2 q:27.09 tex:0 mv:0 misc:176 imb:0 pmb:0 smb:1000 d:- ref:0 ;
in:355 out:355 type:P dur:2 cpbdur:2 q:27.06 tex:0 mv:0 misc:176 imb:0 pmb:0 smb:1000 d:- ref:0 ;
in:356 out:356 type:P dur:2 cpbdur:2 q:26.68 tex:51 mv:3 misc:194 imb:0 pmb:1 smb:999 d:- ref:0 ;
in:357 out:357 type:P dur:2 cpbdur:2 q:26.86 tex:27 mv:66 misc:203 imb:8 pmb:0 smb:992 d:- ref:0 ;
in:358 out:358 type:P dur:2 cpbdur:2 q:26.99 tex:0 mv:0 misc:176 imb:0 pmb:0 smb:1000 d:- ref:0 ;
in:359 out:359 type:P dur:2 cpbdur:2 q:26.97 tex:0 mv:0 misc:176 imb:0 pmb:0 smb:1000 d:- ref:0 ;
in:360 out:360 type:P dur:2 cpbdur:2 q:26.94 tex:0 mv:0 misc:176 imb:0 pmb:0 smb:1000 d:- ref:0 ;
in:361 out:361 type:P dur:2 cpbdur:2 q:26.92 tex:0 mv:0 misc:176 imb:0 pmb:0 smb:1000 d:- ref:0 ;
in:362 out:362 type:P dur:2 cpbdur:2 q:26.90 tex:0 mv:0 misc:176 imb:0 pmb:0 smb:1000 d:- ref:0 ;
in:363 out:363 type:P dur:2 cpbdur:2 q:26.87 tex:0 mv:0 misc:176 imb:0 pmb:0 smb:1000 d:- ref:0 ;
in:364 out:364 type:P dur:2 cpbdur:2 q:26.85 tex:0 mv:0 misc:176 imb:0 pmb:0 smb:1000 d:- ref:0 ;
in:365 out:365 type:P dur:2 cpbdur:2 q:26.82 tex:0 mv:0 misc:176 imb:0 pmb:0 smb:1000 d:- ref:0 ;
in:366 out:366 type:P dur:2 cpbdur:2 q:26.80 tex:0 mv:0 misc:176 imb:0 pmb:0 smb:1000 d:- ref:0 ;
in:367 out:367 type:P dur:2 cpbdur:2 q:26.78 tex:0 mv:0 misc:176 imb:0 pmb:0 smb:1000 d:- ref:0 ;
in:368 out:368 type:P dur:2 cpbdur:2 q:26.75 tex:0 mv:0 misc:176 imb:0 pmb:0 smb:1000 d:- ref:0 ;
in:369 out:369 type:P dur:2 cpbdur:2 q:26.73 tex:0 mv:0 misc:176 imb:0 pmb:0 smb:1000 d:- ref:0 ;
in:370 out:370 type:P dur:2 cpbdur:2 q:26.39 tex:352 mv:883 misc:333 imb:125 pmb:1 smb:874 d:- ref:0 ;
in:371 out:371 type:P dur:2 cpbdur:2 q:26.69 tex:0 mv:0 misc:176 imb:0 pmb:0 smb:1000 d:- ref:0 ;
in:372 out:372 type:P dur:2 cpbdur:2 q:26.67 tex:0 mv:0 misc:176 imb:0 pmb:0 smb:1000 d:- ref:0 ;
in:373 out:373 type:P dur:2 cpbdur:2 q:26.64 tex:0 mv:0 misc:176 imb:0 pmb:0 smb:1000 d:- ref:0 ;
in:374 out:374 type:P dur:2 cpbdur:2 q:26.62 tex:0 mv:0 misc:176 imb:0 pmb:0 smb:1000 d:- ref:0 ;
in:375 out:375 type:P dur:2 cpbdur:2 q:26.60 tex:0 mv:0 misc:176 imb:0 pmb:0 smb:1000 d:- ref:0 ;
in:376 out:376 type:P dur:2 cpbdur:2 q:26.57 tex:0 mv:0 misc:176 imb:0 pmb:0 smb:1000 d:- ref:0 ;
in:377 out:377 type:P dur:2 cpbdur:2 q:26.55 tex:0 mv:0 misc:176 imb:0 pmb:0 smb:1000 d:- ref:0 ;
in:378 out:378 type:P dur:2 cpbdur:2 q:26.53 tex:0 mv:0 misc:176 imb:0 pmb:0 smb:1000 d:- ref:0 ;
in:379 out:379 type:P dur:2 cpbdur:2 q:26.50 tex:0 mv:0 misc:176 imb:0 pmb:0 smb:1000 d:- ref:0 ;
in:380 out:380 type:P dur:2 cpbdur:2 q:26.48 tex:2810 mv:189 misc:345 imb:0 pmb:63 smb:937 d:- ref:0 ;
in:381 out:381 type:P dur:2 cpbdur:2 q:26.48 tex:0 mv:0 misc:176 imb:0 pmb:0 smb:1000 d:- ref:0 ;
in:382 out:382 type:P dur:2 cpbdur:2 q:26.45 tex:0 mv:0 misc:176 imb:0 pmb:0 smb:1000 d:- ref:0 ;
in:383 out:383 type:P dur:2 cpbdur:2 q:26.43 tex:0 mv:0 misc:176 imb:0 pmb:0 smb:1000 d:- ref:0 ;
in:384 out:384 type:P dur:2 cpbdur:2 q:26.41 tex:0 mv:0 misc:176 imb:0 pmb:0 smb:1000 d:- ref:0 ;
in:385 out:385 type:P dur:2 cpbdur:2 q:26.23 tex:1061 mv:93 misc:222 imb:0 pmb:31 smb:969 d:- ref:0 ;
in:386 out:386 type:P dur:2 cpbdur:2 q:26.37 tex:0 mv:0 misc:176 imb:0 pmb:0 smb:1000 d:- ref:0 ;
in:387 out:387 type:P dur:2 cpbdur:2 q:26.35 tex:0 mv:0 misc:176 imb:0 pmb:0 smb:1000 d:- ref:0 ;
in:388 out:388 type:P dur:2 cpbdur:2 q:26.32 tex:0 mv:0 misc:176 imb:0 pmb:0 smb:1000 d:- ref:0 ;
in:389 out:389 type:P dur:2 cpbdur:2 q:26.30 tex:0 mv:0 misc:176 imb:0 pmb:0 smb:1000 d:- ref:0 ;
in:390 out:390 type:P dur:2 cpbdur:2 q:25.68 tex:160 mv:62 misc:202 imb:7 pmb:2 smb:991 d:- ref:0 ;
in:391 out:391 type:P dur:2 cpbdur:2 q:26.26 tex:0 mv:0 misc:176 imb:0 pmb:0 smb:1000 d:- ref:0 ;
in:392 out:392 type:P dur:2 cpbdur:2 q:25.96 tex:83 mv:3 misc:194 imb:0 pmb:1 smb:999 d:- ref:0 ;
in:393 out:393 type:P dur:2 cpbdur:2 q:26.21 tex:0 mv:0 misc:176 imb:0 pmb:0 smb:1000 d:- ref:0 ;
in:394 out:394 type:P dur:2 cpbdur:2 q:26.19 tex:0 mv:0 misc:176 imb:0 pmb:0 smb:1000 d:- ref:0 ;
in:395 out:395 type:P dur:2 cpbdur:2 q:26.17 tex:0 mv:0 misc:176 imb:0 pmb:0 smb:1000 d:- ref:0 ;
in:396 out:396 type:P dur:2 cpbdur:2 q:26.15 tex:0 mv:0 misc:176 imb:0 pmb:0 smb:1000 d:- ref:0 ;
in:397 out:397 type:P dur:2 cpbdur:2 q:27.10 tex:4273 mv:1429 misc:546 imb:198 pmb:27 smb:775 d:- ref:0 ;
in:398 out:398 type:P dur:2 cpbdur:2 q:26.14 tex:479 mv:21 misc:228 imb:0 pmb:7 smb:993 d:- ref:0 ;
in:399 out:399 type:P dur:2 cpbdur:2 q:24.16 tex:6982 mv:780 misc:438 imb:76 pmb:78 smb:846 d:- ref:0 ;
in:400 out:400 type:P dur:2 cpbdur:2 q:26.45 tex:0 mv:0 misc:176 imb:0 pmb:0 smb:1000 d:- ref:0 ;
in:401 out:401 type:P dur:2 cpbdur:2 q:23.87 tex:2531 mv:476 misc:353 imb:47 pmb:52 smb:901 d:- ref:0 ;
in:402 out:402 type:P dur:2 cpbdur:2 q:22.20 tex:8698 mv:417 misc:341 imb:37 pmb:61 smb:902 d:- ref:0 ;
in:403 out:403 type:P dur:2 cpbdur:2 q:25.96 tex:0 mv:0 misc:176 imb:0 pmb:0 smb:1000 d:- ref:0 ;
in:404 out:404 type:P dur:2 cpbdur:2 q:24.58 tex:79 mv:6 misc:195 imb:0 pmb:2 smb:998 d:- ref:0 ;
in:405 out:405 type:P dur:2 cpbdur:2 q:20.51 tex:7723 mv:207 misc:326 imb:2 pmb:61 smb:937 d:- ref:0 ;
in:406 out:406 type:P dur:2 cpbdur:2 q:24.07 tex:0 mv:0 misc:192 imb:0 pmb:0 smb:1000 d:- ref:0 ;
in:407 out:407 type:P dur:2 cpbdur:2 q:20.14 tex:4281 mv:514 misc:293 imb:41 pmb:36 smb:923 d:- ref:0 ;
in:408 out:408 type:P dur:2 cpbdur:2 q:22.29 tex:0 mv:0 misc:192 imb:0 pmb:0 smb:1000 d:- ref:0 ;
in:409 out:409 type:P dur:2 cpbdur:2 q:20.01 tex:171 mv:18 misc:219 imb:1 pmb:2 smb:997 d:- ref:0 ;
in:410 out:410 type:P dur:2 cpbdur:2 q:18.57 tex:5273 mv:549 misc:434 imb:36 pmb:59 smb:905 d:- ref:0 ;
in:411 out:411 type:P dur:2 cpbdur:2 q:22.01 tex:0 mv:0 misc:192 imb:0 pmb:0 smb:1000 d:- ref:0 ;
in:412 out:412 type:P dur:2 cpbdur:2 q:19.96 tex:148 mv:12 misc:208 imb:1 pmb:0 smb:999 d:- ref:0 ;
in:413 out:413 type:P dur:2 cpbdur:2 q:18.02 tex:5784 mv:159 misc:273 imb:1 pmb:49 smb:950 d:- ref:0 ;
in:414 out:414 type:P dur:2 cpbdur:2 q:21.96 tex:0 mv:0 misc:192 imb:0 pmb:0 smb:1000 d:- ref:0 ;
in:415 out:415 type:P dur:2 cpbdur:2 q:19.91 tex:0 mv:0 misc:192 imb:0 pmb:0 smb:1000 d:- ref:0 ;
in:416 out:416 type:P dur:2 cpbdur:2 q:17.91 tex:81 mv:16 misc:215 imb:1 pmb:2 smb:997 d:- ref:0 ;
in:417 out:417 type:P dur:2 cpbdur:2 q:16.15 tex:4924 mv:543 misc:533 imb:39 pmb:75 smb:886 d:- ref:0 ;
in:418 out:418 type:P dur:2 cpbdur:2 q:19.63 tex:9 mv:3 misc:204 imb:0 pmb:1 smb:999 d:- ref:0 ;
in:419 out:419 type:P dur:2 cpbdur:2 q:17.63 tex:0 mv:0 misc:192 imb:0 pmb:0 smb:1000 d:- ref:0 ;
in:420 out:420 type:P dur:2 cpbdur:2 q:15.69 tex:5591 mv:354 misc:359 imb:6 pmb:98 smb:896 d:- ref:0 ;
in:421 out:421 type:P dur:2 cpbdur:2 q:19.63 tex:54 mv:18 misc:224 imb:0 pmb:6 smb:994 d:- ref:0 ;
in:422 out:422 type:P dur:2 cpbdur:2 q:17.63 tex:63 mv:21 misc:244 imb:0 pmb:7 smb:993 d:- ref:0 ;
in:423 out:423 type:P dur:2 cpbdur:2 q:15.63 tex:1982 mv:120 misc:290 imb:1 pmb:36 smb:963 d:- ref:0 ;
in:424 out:424 type:P dur:2 cpbdur:2 q:14.15 tex:5742 mv:710 misc:540 imb:44 pmb:102 smb:854 d:- ref:0 ;
in:425 out:425 type:P dur:2 cpbdur:2 q:17.63 tex:47 mv:15 misc:242 imb:0 pmb:5 smb:995 d:- ref:0 ;
in:426 out:426 type:P dur:2 cpbdur:2 q:15.63 tex:72 mv:24 misc:240 imb:0 pmb:8 smb:992 d:- ref:0 ;
in:427 out:427 type:P dur:2 cpbdur:2 q:13.69 tex:5059 mv:284 misc:441 imb:16 pmb:50 smb:934 d:- ref:0 ;
in:428 out:428 type:P dur:2 cpbdur:2 q:16.91 tex:108 mv:36 misc:240 imb:0 pmb:12 smb:988 d:- ref:0 ;
in:429 out:429 type:P dur:2 cpbdur:2 q:14.91 tex:12 mv:3 misc:201 imb:0 pmb:1 smb:999 d:- ref:0 ;
in:430 out:430 type:P dur:2 cpbdur:2 q:13.23 tex:4875 mv:288 misc:461 imb:15 pmb:56 smb:929 d:- ref:0 ;
in:431 out:431 type:P dur:2 cpbdur:2 q:15.36 tex:0 mv:0 misc:192 imb:0 pmb:0 smb:1000 d:- ref:0 ;
in:432 out:432 type:P dur:2 cpbdur:2 q:13.42 tex:5840 mv:474 misc:310 imb:33 pmb:44 smb:923 d:- ref:0 ;
in:433 out:433 type:P dur:2 cpbdur:2 q:17.36 tex:18 mv:6 misc:208 imb:0 pmb:2 smb:998 d:- ref:0 ;
in:434 out:434 type:P dur:2 cpbdur:2 q:15.36 tex:0 mv:0 misc:192 imb:0 pmb:0 smb:1000 d:- ref:0 ;
in:435 out:435 type:P dur:2 cpbdur:2 q:13.36 tex:32 mv:6 misc:210 imb:0 pmb:2 smb:998 d:- ref:0 ;
in:436 out:436 type:P dur:2 cpbdur:2 q:11.64 tex:5815 mv:264 misc:377 imb:0 pmb:88 smb:912 d:- ref:0 ;
in:437 out:437 type:P dur:2 cpbdur:2 q:15.36 tex:0 mv:0 misc:192 imb:0 pmb:0 smb:1000 d:- ref:0 ;
in:438 out:438 type:P dur:2 cpbdur:2 q:13.36 tex:90 mv:18 misc:236 imb:0 pmb:6 smb:994 d:- ref:0 ;
in:439 out:439 type:P dur:2 cpbdur:2 q:11.42 tex:6351 mv:291 misc:350 imb:0 pmb:97 smb:903 d:- ref:0 ;
in:440 out:440 type:P dur:2 cpbdur:2 q:15.36 tex:0 mv:0 misc:192 imb:0 pmb:0 smb:1000 d:- ref:0 ;
in:441 out:441 type:P dur:2 cpbdur:2 q:13.36 tex:105 mv:21 misc:250 imb:0 pmb:7 smb:993 d:- ref:0 ;
in:442 out:442 type:P dur:2 cpbdur:2 q:11.36 tex:1376 mv:210 misc:358 imb:0 pmb:70 smb:930 d:- ref:0 ;
in:443 out:443 type:P dur:2 cpbdur:2 q:10.12 tex:6911 mv:264 misc:361 imb:0 pmb:88 smb:912 d:- ref:0 ;
in:444 out:444 type:P dur:2 cpbdur:2 q:13.36 tex:42 mv:9 misc:213 imb:0 pmb:3 smb:997 d:- ref:0 ;
in:445 out:445 type:P dur:2 cpbdur:2 q:11.36 tex:915 mv:159 misc:326 imb:0 pmb:53 smb:947 d:- ref:0 ;
in:446 out:446 type:P dur:2 cpbdur:2 q:9.30 tex:7868 mv:482 misc:402 imb:26 pmb:72 smb:902 d:- ref:0 ;
in:447 out:447 type:P dur:2 cpbdur:2 q:13.36 tex:15 mv:3 misc:198 imb:0 pmb:1 smb:999 d:- ref:0 ;
in:448 out:448 type:P dur:2 cpbdur:2 q:11.36 tex:296 mv:88 misc:336 imb:4 pmb:18 smb:978 d:- ref:0 ;
in:449 out:449 type:P dur:2 cpbdur:2 q:9.36 tex:681 mv:57 misc:270 imb:1 pmb:15 smb:984 d:- ref:0 ;
in:450 out:450 type:P dur:2 cpbdur:2 q:7.98 tex:9288 mv:611 misc:501 imb:44 pmb:61 smb:895 d:- ref:0 ;
in:451 out:451 type:P dur:2 cpbdur:2 q:11.36 tex:152 mv:33 misc:263 imb:0 pmb:11 smb:989 d:- ref:0 ;
in:452 out:452 type:P dur:2 cpbdur:2 q:15.20 tex:7250 mv:2300 misc:642 imb:329 pmb:6 smb:665 d:- ref:0 ;
in:453 out:453 type:P dur:2 cpbdur:2 q:19.36 tex:0 mv:0 misc:192 imb:0 pmb:0 smb:1000 d:- ref:0 ;
in:454 out:454 type:P dur:2 cpbdur:2 q:23.36 tex:0 mv:0 misc:192 imb:0 pmb:0 smb:1000 d:- ref:0 ;
in:455 out:455 type:P dur:2 cpbdur:2 q:19.35 tex:0 mv:0 misc:192 imb:0 pmb:0 smb:1000 d:- ref:0 ;
in:456 out:456 type:P dur:2 cpbdur:2 q:17.35 tex:0 mv:0 misc:192 imb:0 pmb:0 smb:1000 d:- ref:0 ;
in:457 out:457 type:P dur:2 cpbdur:2 q:15.35 tex:0 mv:0 misc:192 imb:0 pmb:0 smb:1000 d:- ref:0 ;
in:458 out:458 type:P dur:2 cpbdur:2 q:13.35 tex:545 mv:60 misc:283 imb:1 pmb:8 smb:991 d:- ref:0 ;
in:459 out:459 type:P dur:2 cpbdur:2 q:11.59 tex:839 mv:895 misc:458 imb:118 pmb:17 smb:865 d:- ref:0 ;
in:460 out:460 type:P dur:2 cpbdur:2 q:9.35 tex:665 mv:38 misc:305 imb:1 pmb:10 smb:989 d:- ref:0 ;
in:461 out:461 type:P dur:2 cpbdur:2 q:7.65 tex:3437 mv:150 misc:389 imb:9 pmb:28 smb:963 d:- ref:0 ;
in:462 out:462 type:P dur:2 cpbdur:2 q:5.95 tex:3893 mv:350 misc:453 imb:20 pmb:58 smb:922 d:- ref:0 ;
in:463 out:463 type:P dur:2 cpbdur:2 q:7.26 tex:2352 mv:158 misc:274 imb:7 pmb:26 smb:967 d:- ref:0 ;
in:464 out:464 type:P dur:2 cpbdur:2 q:5.26 tex:9986 mv:326 misc:296 imb:13 pmb:64 smb:923 d:- ref:0 ;
in:465 out:465 type:P dur:2 cpbdur:2 q:9.06 tex:62 mv:6 misc:212 imb:0 pmb:2 smb:998 d:- ref:0 ;
in:466 out:466 type:P dur:2 cpbdur:2 q:12.94 tex:28 mv:6 misc:214 imb:0 pmb:2 smb:998 d:- ref:0 ;
in:467 out:467 type:P dur:2 cpbdur:2 q:10.94 tex:40 mv:9 misc:223 imb:0 pmb:3 smb:997 d:- ref:0 ;
in:468 out:468 type:P dur:2 cpbdur:2 q:8.94 tex:0 mv:0 misc:192 imb:0 pmb:0 smb:1000 d:- ref:0 ;
in:469 out:469 type:P dur:2 cpbdur:2 q:6.94 tex:2519 mv:144 misc:281 imb:0 pmb:48 smb:952 d:- ref:0 ;
in:470 out:470 type:P dur:2 cpbdur:2 q:5.10 tex:5799 mv:135 misc:274 imb:0 pmb:45 smb:955 d:- ref:0 ;
in:471 out:471 type:P dur:2 cpbdur:2 q:8.94 tex:0 mv:0 misc:192 imb:0 pmb:0 smb:1000 d:- ref:0 ;
in:472 out:472 type:P dur:2 cpbdur:2 q:6.94 tex:444 mv:39 misc:245 imb:0 pmb:13 smb:987 d:- ref:0 ;
in:473 out:473 type:P dur:2 cpbdur:2 q:4.94 tex:5327 mv:150 misc:283 imb:0 pmb:50 smb:950 d:- ref:0 ;
in:474 out:474 type:P dur:2 cpbdur:2 q:8.14 tex:0 mv:0 misc:192 imb:0 pmb:0 smb:1000 d:- ref:0 ;
in:475 out:475 type:P dur:2 cpbdur:2 q:6.14 tex:0 mv:0 misc:192 imb:0 pmb:0 smb:1000 d:- ref:0 ;
in:476 out:476 type:P dur:2 cpbdur:2 q:4.26 tex:9972 mv:216 misc:380 imb:3 pmb:62 smb:935 d:- ref:0 ;
in:477 out:477 type:P dur:2 cpbdur:2 q:8.14 tex:0 mv:0 misc:192 imb:0 pmb:0 smb:1000 d:- ref:0 ;
in:478 out:478 type:P dur:2 cpbdur:2 q:8.66 tex:0 mv:0 misc:192 imb:0 pmb:0 smb:1000 d:- ref:0 ;
in:479 out:479 type:P dur:2 cpbdur:2 q:7.32 tex:45 mv:6 misc:213 imb:0 pmb:2 smb:998 d:- ref:0 ;
in:480 out:480 type:P dur:2 cpbdur:2 q:5.32 tex:354 mv:36 misc:258 imb:0 pmb:12 smb:988 d:- ref:0 ;
in:481 out:481 type:P dur:2 cpbdur:2 q:3.54 tex:9794 mv:190 misc:352 imb:2 pmb:58 smb:940 d:- ref:0 ;
in:482 out:482 type:P dur:2 cpbdur:2 q:7.32 tex:0 mv:0 misc:192 imb:0 pmb:0 smb:1000 d:- ref:0 ;
in:483 out:483 type:P dur:2 cpbdur:2 q:7.17 tex:0 mv:0 misc:192 imb:0 pmb:0 smb:1000 d:- ref:0 ;
in:484 out:484 type:P dur:2 cpbdur:2 q:5.17 tex:294 mv:30 misc:252 imb:0 pmb:10 smb:990 d:- ref:0 ;
in:485 out:485 type:P dur:2 cpbdur:2 q:3.17 tex:6890 mv:216 misc:326 imb:0 pmb:72 smb:928 d:- ref:0 ;
in:486 out:486 type:P dur:2 cpbdur:2 q:7.17 tex:0 mv:0 misc:192 imb:0 pmb:0 smb:1000 d:- ref:0 ;
in:487 out:487 type:P dur:2 cpbdur:2 q:5.17 tex:90 mv:12 misc:210 imb:0 pmb:4 smb:996 d:- ref:0 ;
in:488 out:488 type:P dur:2 cpbdur:2 q:3.17 tex:716 mv:60 misc:280 imb:0 pmb:20 smb:980 d:- ref:0 ;
in:489 out:489 type:P dur:2 cpbdur:2 q:1.99 tex:7674 mv:258 misc:388 imb:1 pmb:84 smb:915 d:- ref:0 ;
in:490 out:490 type:P dur:2 cpbdur:2 q:5.17 tex:0 mv:0 misc:192 imb:0 pmb:0 smb:1000 d:- ref:0 ;
in:491 out:491 type:P dur:2 cpbdur:2 q:3.17 tex:499 mv:42 misc:283 imb:0 pmb:14 smb:986 d:- ref:0 ;
in:492 out:492 type:P dur:2 cpbdur:2 q:1.33 tex:4890 mv:180 misc:354 imb:0 pmb:60 smb:940 d:- ref:0 ;
in:493 out:493 type:P dur:2 cpbdur:2 q:3.39 tex:263 mv:21 misc:220 imb:0 pmb:7 smb:993 d:- ref:0 ;
in:494 out:494 type:P dur:2 cpbdur:2 q:1.39 tex:1495 mv:102 misc:315 imb:0 pmb:34 smb:966 d:- ref:0 ;
in:495 out:495 type:P dur:2 cpbdur:2 q:0.04 tex:2962 mv:165 misc:369 imb:0 pmb:55 smb:945 d:- ref:0 ;
in:496 out:496 type:P dur:2 cpbdur:2 q:0.00 tex:3747 mv:201 misc:356 imb:0 pmb:67 smb:933 d:- ref:0 ;
in:497 out:497 type:P dur:2 cpbdur:2 q:0.00 tex:2991 mv:198 misc:355 imb:0 pmb:66 smb:934 d:- ref:0 ;
in:498 out:498 type:P dur:2 cpbdur:2 q:0.00 tex:2999 mv:198 misc:355 imb:0 pmb:66 smb:934 d:- ref:0 ;
in:499 out:499 type:P dur:2 cpbdur:2 q:0.00 tex:2993 mv:198 misc:353 imb:0 pmb:66 smb:934 d:- ref:0 ;
in:500 out:500 type:I dur:2 cpbdur:2 q:3.36 tex:148353 mv:5474 misc:429 imb:1000 pmb:0 smb:0 d:- ref:;
in:501 out:501 type:P dur:2 cpbdur:2 q:4.00 tex:1431 mv:117 misc:324 imb:0 pmb:39 smb:961 d:- ref:0 ;
in:502 out:502 type:P dur:2 cpbdur:2 q:8.00 tex:0 mv:0 misc:192 imb:0 pmb:0 smb:1000 d:- ref:0 ;
in:503 out:503 type:P dur:2 cpbdur:2 q:12.00 tex:0 mv:0 misc:192 imb:0 pmb:0 smb:1000 d:- ref:0 ;
in:504 out:504 type:P dur:2 cpbdur:2 q:16.00 tex:0 mv:0 misc:192 imb:0 pmb:0 smb:1000 d:- ref:0 ;
in:505 out:505 type:P dur:2 cpbdur:2 q:20.00 tex:0 mv:0 misc:192 imb:0 pmb:0 smb:1000 d:- ref:0 ;
in:506 out:506 type:P dur:2 cpbdur:2 q:24.00 tex:0 mv:0 misc:192 imb:0 pmb:0 smb:1000 d:- ref:0 ;
in:507 out:507 type:P dur:2 cpbdur:2 q:24.50 tex:0 mv:0 misc:176 imb:0 pmb:0 smb:1000 d:- ref:0 ;
in:508 out:508 type:P dur:2 cpbdur:2 q:24.37 tex:0 mv:0 misc:192 imb:0 pmb:0 smb:1000 d:- ref:0 ;
in:509 out:509 type:P dur:2 cpbdur:2 q:24.29 tex:0 mv:0 misc:192 imb:0 pmb:0 smb:1000 d:- ref:0 ;
in:510 out:510 type:P dur:2 cpbdur:2 q:24.25 tex:0 mv:0 misc:192 imb:0 pmb:0 smb:1000 d:- ref:0 ;
in:511 out:511 type:P dur:2 cpbdur:2 q:24.21 tex:0 mv:0 misc:192 imb:0 pmb:0 smb:1000 d:- ref:0 ;
in:512 out:512 type:P dur:2 cpbdur:2 q:24.19 tex:0 mv:0 misc:192 imb:0 pmb:0 smb:1000 d:- ref:0 ;
in:513 out:513 type:P dur:2 cpbdur:2 q:24.17 tex:0 mv:0 misc:192 imb:0 pmb:0 smb:1000 d:- ref:0 ;
in:514 out:514 type:P dur:2 cpbdur:2 q:24.15 tex:0 mv:0 misc:192 imb:0 pmb:0 smb:1000 d:- ref:0 ;
in:515 out:515 type:P dur:2 cpbdur:2 q:24.13 tex:0 mv:0 misc:192 imb:0 pmb:0 smb:1000 d:- ref:0 ;
in:516 out:516 type:P dur:2 cpbdur:2 q:24.11 tex:0 mv:0 misc:192 imb:0 pmb:0 smb:1000 d:- ref:0 ;
in:517 out:517 type:P dur:2 cpbdur:2 q:24.10 tex:0 mv:0 misc:192 imb:0 pmb:0 smb:1000 d:- ref:0 ;
in:518 out:518 type:P dur:2 cpbdur:2 q:24.08 tex:0 mv:0 misc:192 imb:0 pmb:0 smb:1000 d:- ref:0 ;
in:519 out:519 type:P dur:2 cpbdur:2 q:24.06 tex:0 mv:0 misc:192 imb:0 pmb:0 smb:1000 d:- ref:0 ;
in:520 out:520 type:P dur:2 cpbdur:2 q:24.04 tex:0 mv:0 misc:192 imb:0 pmb:0 smb:1000 d:- ref:0 ;
in:521 out:521 type:P dur:2 cpbdur:2 q:24.03 tex:0 mv:0 misc:192 imb:0 pmb:0 smb:1000 d:- ref:0 ;
in:522 out:522 type:P dur:2 cpbdur:2 q:22.25 tex:0 mv:0 misc:192 imb:0 pmb:0 smb:1000 d:- ref:0 ;
in:523 out:523 type:P dur:2 cpbdur:2 q:23.99 tex:0 mv:0 misc:192 imb:0 pmb:0 smb:1000 d:- ref:0 ;
in:524 out:524 type:P dur:2 cpbdur:2 q:23.98 tex:0 mv:0 misc:192 imb:0 pmb:0 smb:1000 d:- ref:0 ;
in:525 out:525 type:P dur:2 cpbdur:2 q:23.96 tex:0 mv:0 misc:192 imb:0 pmb:0 smb:1000 d:- ref:0 ;
in:526 out:526 type:P dur:2 cpbdur:2 q:22.18 tex:0 mv:0 misc:192 imb:0 pmb:0 smb:1000 d:- ref:0 ;
in:527 out:527 type:P dur:2 cpbdur:2 q:23.93 tex:0 mv:0 misc:192 imb:0 pmb:0 smb:1000 d:- ref:0 ;
in:528 out:528 type:P dur:2 cpbdur:2 q:22.15 tex:0 mv:0 misc:192 imb:0 pmb:0 smb:1000 d:- ref:0 ;
in:529 out:529 type:P dur:2 cpbdur:2 q:23.89 tex:0 mv:0 misc:192 imb:0 pmb:0 smb:1000 d:- ref:0 ;
in:530 out:530 type:P dur:2 cpbdur:2 q:23.88 tex:0 mv:0 misc:192 imb:0 pmb:0 smb:1000 d:- ref:0 ;
in:531 out:531 type:P dur:2 cpbdur:2 q:23.86 tex:0 mv:0 misc:192 imb:0 pmb:0 smb:1000 d:- ref:0 ;
in:532 out:532 type:P dur:2 cpbdur:2 q:22.30 tex:0 mv:0 misc:192 imb:0 pmb:0 smb:1000 d:- ref:0 ;
in:533 out:533 type:P dur:2 cpbdur:2 q:23.83 tex:0 mv:0 misc:192 imb:0 pmb:0 smb:1000 d:- ref:0 ;
in:534 out:534 type:P dur:2 cpbdur:2 q:23.81 tex:0 mv:0 misc:192 imb:0 pmb:0 smb:1000 d:- ref:0 ;
in:535 out:535 type:P dur:2 cpbdur:2 q:23.79 tex:0 mv:0 misc:192 imb:0 pmb:0 smb:1000 d:- ref:0 ;
in:536 out:536 type:P dur:2 cpbdur:2 q:23.78 tex:0 mv:0 misc:192 imb:0 pmb:0 smb:1000 d:- ref:0 ;
in:537 out:537 type:P dur:2 cpbdur:2 q:23.76 tex:0 mv:0 misc:192 imb:0 pmb:0 smb:1000 d:- ref:0 ;
in:538 out:538 type:P dur:2 cpbdur:2 q:23.74 tex:0 mv:0 misc:192 imb:0 pmb:0 smb:1000 d:- ref:0 ;
in:539 out:539 type:P dur:2 cpbdur:2 q:17.73 tex:0 mv:0 misc:192 imb:0 pmb:0 smb:1000 d:- ref:0 ;
in:540 out:540 type:P dur:2 cpbdur:2 q:15.73 tex:0 mv:0 misc:192 imb:0 pmb:0 smb:1000 d:- ref:0 ;
in:541 out:541 type:P dur:2 cpbdur:2 q:13.73 tex:0 mv:0 misc:192 imb:0 pmb:0 smb:1000 d:- ref:0 ;
in:542 out:542 type:P dur:2 cpbdur:2 q:9.97 tex:0 mv:0 misc:192 imb:0 pmb:0 smb:1000 d:- ref:0 ;
in:543 out:543 type:P dur:2 cpbdur:2 q:9.73 tex:0 mv:0 misc:192 imb:0 pmb:0 smb:1000 d:- ref:0 ;
in:544 out:544 type:P dur:2 cpbdur:2 q:7.73 tex:0 mv:0 misc:192 imb:0 pmb:0 smb:1000 d:- ref:0 ;
in:545 out:545 type:P dur:2 cpbdur:2 q:5.73 tex:0 mv:0 misc:192 imb:0 pmb:0 smb:1000 d:- ref:0 ;
in:546 out:546 type:P dur:2 cpbdur:2 q:3.73 tex:185 mv:21 misc:226 imb:0 pmb:7 smb:993 d:- ref:0 ;
in:547 out:547 type:P dur:2 cpbdur:2 q:1.79 tex:3821 mv:204 misc:391 imb:0 pmb:68 smb:932 d:- ref:0 ;
in:548 out:548 type:P dur:2 cpbdur:2 q:0.00 tex:2602 mv:141 misc:321 imb:0 pmb:47 smb:953 d:- ref:0 ;
in:549 out:549 type:P dur:2 cpbdur:2 q:0.00 tex:1112 mv:75 misc:285 imb:0 pmb:25 smb:975 d:- ref:0 ;
in:550 out:550 type:P dur:2 cpbdur:2 q:0.00 tex:751 mv:63 misc:282 imb:0 pmb:21 smb:979 d:- ref:0 ;
in:551 out:551 type:P dur:2 cpbdur:2 q:0.00 tex:751 mv:63 misc:282 imb:0 pmb:21 smb:979 d:- ref:0 ;
in:552 out:552 type:P dur:2 cpbdur:2 q:0.00 tex:751 mv:63 misc:282 imb:0 pmb:21 smb:979 d:- ref:0 ;
in:553 out:553 type:P dur:2 cpbdur:2 q:0.00 tex:751 mv:63 misc:282 imb:0 pmb:21 smb:979 d:- ref:0 ;
in:554 out:554 type:P dur:2 cpbdur:2 q:0.00 tex:751 mv:63 misc:282 imb:0 pmb:21 smb:979 d:- ref:0 ;
in:555 out:555 type:P dur:2 cpbdur:2 q:0.00 tex:751 mv:63 misc:282 imb:0 pmb:21 smb:979 d:- ref:0 ;
in:556 out:556 type:P dur:2 cpbdur:2 q:0.00 tex:751 mv:63 misc:282 imb:0 pmb:21 smb:979 d:- ref:0 ;
in:557 out:557 type:P dur:2 cpbdur:2 q:0.00 tex:751 mv:63 misc:282 imb:0 pmb:21 smb:979 d:- ref:0 ;
in:558 out:558 type:P dur:2 cpbdur:2 q:0.00 tex:751 mv:63 misc:282 imb:0 pmb:21 smb:979 d:- ref:0 ;
in:559 out:559 type:P dur:2 cpbdur:2 q:0.00 tex:751 mv:63 misc:282 imb:0 pmb:21 smb:979 d:- ref:0 ;
in:560 out:560 type:P dur:2 cpbdur:2 q:0.00 tex:751 mv:63 misc:282 imb:0 pmb:21 smb:979 d:- ref:0 ;
in:561 out:561 type:P dur:2 cpbdur:2 q:0.00 tex:751 mv:63 misc:282 imb:0 pmb:21 smb:979 d:- ref:0 ;
in:562 out:562 type:P dur:2 cpbdur:2 q:0.00 tex:751 mv:63 misc:282 imb:0 pmb:21 smb:979 d:- ref:0 ;
in:563 out:563 type:P dur:2 cpbdur:2 q:0.00 tex:751 mv:63 misc:282 imb:0 pmb:21 smb:979 d:- ref:0 ;
in:564 out:564 type:P dur:2 cpbdur:2 q:0.00 tex:751 mv:63 misc:282 imb:0 pmb:21 smb:979 d:- ref:0 ;
in:565 out:565 type:P dur:2 cpbdur:2 q:0.00 tex:751 mv:63 misc:282 imb:0 pmb:21 smb:979 d:- ref:0 ;
in:566 out:566 type:P dur:2 cpbdur:2 q:0.00 tex:751 mv:63 misc:282 imb:0 pmb:21 smb:979 d:- ref:0 ;
in:567 out:567 type:P dur:2 cpbdur:2 q:0.00 tex:751 mv:63 misc:282 imb:0 pmb:21 smb:979 d:- ref:0 ;
in:568 out:568 type:P dur:2 cpbdur:2 q:0.00 tex:751 mv:63 misc:282 imb:0 pmb:21 smb:979 d:- ref:0 ;
in:569 out:569 type:P dur:2 cpbdur:2 q:0.00 tex:751 mv:63 misc:282 imb:0 pmb:21 smb:979 d:- ref:0 ;
in:570 out:570 type:P dur:2 cpbdur:2 q:0.00 tex:751 mv:63 misc:282 imb:0 pmb:21 smb:979 d:- ref:0 ;
in:571 out:571 type:P dur:2 cpbdur:2 q:0.00 tex:751 mv:63 misc:282 imb:0 pmb:21 smb:979 d:- ref:0 ;
ref:0 ;
mb:990 d:- ref:0 ;
in:570 out:570 type:P dur:2 cpbdur:2 q:11.94 tex:2438 mv:324 misc:294 imb:29 pmb:28 smb:943 d:- ref:0 ;
in:571 out:571 type:P dur:2 cpbdur:2 q:12.96 tex:3565 mv:489 misc:346 imb:31 pmb:59 smb:910 d:- ref:0 ;
